-------------------------------------------------------------------------------
Test set: com.company.stepdefinitions.SeventhReqTest
-------------------------------------------------------------------------------
Tests run: 1, Failures: 1, Errors: 0, Skipped: 0, Time elapsed: 8.696 s <<< FAILURE! - in com.company.stepdefinitions.SeventhReqTest
com.company.stepdefinitions.SeventhReqTest.checkFilterApplication  Time elapsed: 8.69 s  <<< FAILURE!
org.opentest4j.AssertionFailedError: The button text does not contain 'Ordem alfabÃ©tica' ==> expected: <true> but was: <false>
	at com.company.stepdefinitions.SeventhReqTest.checkFilterApplication(SeventhReqTest.java:77)

